*** Using Compiler 'V5.06 update 7 (build 960)', folder: 'D:\keil5\ARM\ARMCC\Bin'
Rebuild target 'STM32_SmartCharge'
compiling mqtt.c...
compiling oled.c...
assembling startup_stm32f103xb.s...
compiling ina219.c...
../Core/Inc/ina219.h(13): warning:  #1-D: last line of file ends without a newline
   
..\Core\Src\ina219.c: 1 warning, 0 errors
compiling can.c...
compiling tim.c...
compiling i2c.c...
compiling gpio.c...
compiling main.c...
compiling freertos.c...
compiling stm32f1xx_it.c...
compiling usart.c...
compiling stm32f1xx_hal_msp.c...
compiling stm32f1xx_hal_timebase_tim.c...
compiling stm32f1xx_hal_gpio_ex.c...
compiling stm32f1xx_hal_tim_ex.c...
compiling stm32f1xx_hal_tim.c...
compiling stm32f1xx_hal.c...
compiling stm32f1xx_hal_can.c...
compiling stm32f1xx_hal_rcc_ex.c...
compiling stm32f1xx_hal_gpio.c...
compiling stm32f1xx_hal_rcc.c...
compiling stm32f1xx_hal_dma.c...
compiling stm32f1xx_hal_cortex.c...
compiling stm32f1xx_hal_flash_ex.c...
compiling stm32f1xx_hal_pwr.c...
compiling croutine.c...
compiling stm32f1xx_hal_flash.c...
compiling event_groups.c...
compiling list.c...
compiling stm32f1xx_hal_exti.c...
compiling timers.c...
compiling stream_buffer.c...
compiling queue.c...
compiling tasks.c...
compiling heap_4.c...
compiling port.c...
compiling cmsis_os.c...
compiling stm32f1xx_hal_uart.c...
compiling system_stm32f1xx.c...
compiling stm32f1xx_hal_i2c.c...
linking...
Program Size: Code=10984 RO-data=432 RW-data=132 ZI-data=11076  
FromELF: creating hex file...
"STM32_SmartCharge\STM32_SmartCharge.axf" - 0 Error(s), 1 Warning(s).
Build Time Elapsed:  00:00:27
